#
# A fatal error has been detected by the Java Runtime Environment:
#
#  EXCEPTION_ACCESS_VIOLATION (0xc0000005) at pc=0x000000005b0ecd60, pid=2288, tid=0x00000000000010b4
#
# JRE version: OpenJDK Runtime Environment (8.0_152-b01) (build 1.8.0_152-release-915-b01)
# Java VM: OpenJDK 64-Bit Server VM (25.152-b01 mixed mode windows-amd64 compressed oops)
# Problematic frame:
# V  [jvm.dll+0x46cd60]
#
# Failed to write core dump. Minidumps are not enabled by default on client versions of Windows
#
# If you would like to submit a bug report, please visit:
#   http://bugreport.java.com/bugreport/crash.jsp
#

---------------  T H R E A D  ---------------

Current thread (0x000000001675d800):  JavaThread "C2 CompilerThread0" daemon [_thread_in_native, id=4276, stack(0x0000000017e60000,0x0000000017f60000)]

siginfo: ExceptionCode=0xc0000005, reading address 0x000002005b444070

Registers:
RAX=0x0000000000000000, RBX=0x000000001da49e60, RCX=0x000002005b444070, RDX=0x0000000000000000
RSP=0x0000000017f5c030, RBP=0x0000000000000006, RSI=0x0000000000000030, RDI=0x0000000017f5c080
R8 =0x0000000000020000, R9 =0x000000001e7535a0, R10=0x000000005ac80000, R11=0x0000000017f5be50
R12=0x000000005b444070, R13=0x000000005ac80000, R14=0x000000001ab38578, R15=0x00000000000003d8
RIP=0x000000005b0ecd60, EFLAGS=0x0000000000010246

Top of Stack: (sp=0x0000000017f5c030)
0x0000000017f5c030:   0000000017f5e810 000000001da24d40
0x0000000017f5c040:   fffffffffffffff8 0000000016727840
0x0000000017f5c050:   0000000000000411 000000005b0e7e2f
0x0000000017f5c060:   000000001da49be0 000000001da49e60
0x0000000017f5c070:   0000000000000411 0000000017f5c160
0x0000000017f5c080:   0000041500000000 0000000000000001
0x0000000017f5c090:   000002005b444070 0000000000000005
0x0000000017f5c0a0:   000000001da49f10 0000000000000008
0x0000000017f5c0b0:   000000001da49f00 0000000017f5c450
0x0000000017f5c0c0:   000000001ab381a0 0000000017f5c450
0x0000000017f5c0d0:   000000001ab38190 000000005b0b44a6
0x0000000017f5c0e0:   0000000017f5c560 0000000017f5c1e0
0x0000000017f5c0f0:   0000000000000000 0000000000000021
0x0000000017f5c100:   0000000000000002 000000001ab38190
0x0000000017f5c110:   000000001d6467b0 000000001d64a780
0x0000000017f5c120:   000000001d64e798 00000000000c5530 

Instructions: (pc=0x000000005b0ecd60)
0x000000005b0ecd40:   48 8b 4f 20 48 39 04 0e 0f 84 9d 00 00 00 48 8b
0x000000005b0ecd50:   0c 0e 33 d2 33 c0 48 89 4f 10 66 0f 1f 44 00 00
0x000000005b0ecd60:   83 3c 08 00 0f 85 36 01 00 00 ff c2 48 83 c0 04
0x000000005b0ecd70:   83 fa 08 72 eb 48 8b 47 30 48 89 44 24 30 48 85 


Register to memory mapping:

RAX=0x0000000000000000 is an unknown value
RBX=0x000000001da49e60 is an unknown value
RCX=0x000002005b444070 is an unknown value
RDX=0x0000000000000000 is an unknown value
RSP=0x0000000017f5c030 is pointing into the stack for thread: 0x000000001675d800
RBP=0x0000000000000006 is an unknown value
RSI=0x0000000000000030 is an unknown value
RDI=0x0000000017f5c080 is pointing into the stack for thread: 0x000000001675d800
R8 =0x0000000000020000 is an unknown value
R9 =0x000000001e7535a0 is an unknown value
R10=0x000000005ac80000 is an unknown value
R11=0x0000000017f5be50 is pointing into the stack for thread: 0x000000001675d800
R12=0x000000005b444070 is an unknown value
R13=0x000000005ac80000 is an unknown value
R14=0x000000001ab38578 is an unknown value
R15=0x00000000000003d8 is an unknown value


Stack: [0x0000000017e60000,0x0000000017f60000],  sp=0x0000000017f5c030,  free space=1008k
Native frames: (J=compiled Java code, j=interpreted, Vv=VM code, C=native code)
V  [jvm.dll+0x46cd60]
V  [jvm.dll+0x467e2f]
V  [jvm.dll+0x4344a6]
V  [jvm.dll+0x43f19b]
V  [jvm.dll+0x441a6e]
V  [jvm.dll+0x424b32]
V  [jvm.dll+0x80fa9]
V  [jvm.dll+0x818df]
V  [jvm.dll+0x21d06f]
V  [jvm.dll+0x26d4aa]
C  [msvcr100.dll+0x21d9f]
C  [msvcr100.dll+0x21e3b]
C  [KERNEL32.DLL+0x1842]
C  [ntdll.dll+0x3df11]


Current CompileTask:
C2:1372780 19213   !   4       org.jetbrains.kotlin.serialization.ProtoBuf$TypeTable::<init> (344 bytes)


---------------  P R O C E S S  ---------------

Java Threads: ( => current thread )
  0x000000001da18800 JavaThread "RMI RenewClean-[localhost:53996,org.jetbrains.kotlin.daemon.common.LoopbackNetworkInterface$ClientLoopbackSocketFactory@41f36c0c]" daemon [_thread_blocked, id=9056, stack(0x0000000019b60000,0x0000000019c60000)]
  0x0000000018bf1000 JavaThread "RMI RenewClean-[localhost:53996,org.jetbrains.kotlin.daemon.common.LoopbackNetworkInterface$ClientLoopbackSocketFactory@6344d81d]" daemon [_thread_blocked, id=5956, stack(0x00000000220e0000,0x00000000221e0000)]
  0x0000000018bf0000 JavaThread "RMI TCP Connection(38)-127.0.0.1" daemon [_thread_in_native, id=3092, stack(0x0000000021ee0000,0x0000000021fe0000)]
  0x000000001da15000 JavaThread "RMI TCP Connection(39)-127.0.0.1" daemon [_thread_in_vm, id=1684, stack(0x000000001df70000,0x000000001e070000)]
  0x000000001dcde000 JavaThread "RMI TCP Connection(idle)" daemon [_thread_blocked, id=5188, stack(0x0000000018760000,0x0000000018860000)]
  0x000000001da17000 JavaThread "RMI RenewClean-[localhost:53996,org.jetbrains.kotlin.daemon.common.LoopbackNetworkInterface$ClientLoopbackSocketFactory@2d7cd314]" daemon [_thread_blocked, id=4384, stack(0x000000001cc00000,0x000000001cd00000)]
  0x000000001dcdc800 JavaThread "RMI RenewClean-[localhost:53996,org.jetbrains.kotlin.daemon.common.LoopbackNetworkInterface$ClientLoopbackSocketFactory@c720608]" daemon [_thread_blocked, id=7648, stack(0x0000000019d60000,0x0000000019e60000)]
  0x0000000018ade000 JavaThread "RMI RenewClean-[localhost:53996,org.jetbrains.kotlin.daemon.common.LoopbackNetworkInterface$ClientLoopbackSocketFactory@6287637d]" daemon [_thread_blocked, id=6116, stack(0x0000000019260000,0x0000000019360000)]
  0x0000000018a31800 JavaThread "RMI Scheduler(0)" daemon [_thread_blocked, id=1724, stack(0x0000000019c60000,0x0000000019d60000)]
  0x0000000002cf2800 JavaThread "DestroyJavaVM" [_thread_blocked, id=8752, stack(0x0000000002910000,0x0000000002a10000)]
  0x0000000018a3d800 JavaThread "GC Daemon" daemon [_thread_blocked, id=5660, stack(0x0000000019660000,0x0000000019760000)]
  0x0000000018a98000 JavaThread "RMI Reaper" [_thread_blocked, id=7940, stack(0x0000000019360000,0x0000000019460000)]
  0x00000000189d4000 JavaThread "Timer-0" daemon [_thread_blocked, id=5700, stack(0x0000000019160000,0x0000000019260000)]
  0x000000001886c000 JavaThread "RMI TCP Accept-17722" daemon [_thread_in_native, id=4584, stack(0x0000000019060000,0x0000000019160000)]
  0x00000000167be800 JavaThread "Service Thread" daemon [_thread_blocked, id=1100, stack(0x0000000018560000,0x0000000018660000)]
  0x0000000016767000 JavaThread "C1 CompilerThread2" daemon [_thread_blocked, id=1552, stack(0x0000000018060000,0x0000000018160000)]
  0x0000000016764000 JavaThread "C2 CompilerThread1" daemon [_thread_blocked, id=9148, stack(0x0000000017f60000,0x0000000018060000)]
=>0x000000001675d800 JavaThread "C2 CompilerThread0" daemon [_thread_in_native, id=4276, stack(0x0000000017e60000,0x0000000017f60000)]
  0x000000001675b800 JavaThread "Attach Listener" daemon [_thread_blocked, id=3604, stack(0x0000000017d60000,0x0000000017e60000)]
  0x000000001675a800 JavaThread "Signal Dispatcher" daemon [_thread_blocked, id=5996, stack(0x0000000017c60000,0x0000000017d60000)]
  0x0000000002dee000 JavaThread "Finalizer" daemon [_thread_blocked, id=7924, stack(0x00000000179c0000,0x0000000017ac0000)]
  0x0000000002de3000 JavaThread "Reference Handler" daemon [_thread_blocked, id=6104, stack(0x00000000178c0000,0x00000000179c0000)]

Other Threads:
  0x0000000016726000 VMThread [stack: 0x00000000177c0000,0x00000000178c0000] [id=8480]
  0x0000000018199800 WatcherThread [stack: 0x0000000018660000,0x0000000018760000] [id=3688]

VM state:not at safepoint (normal execution)

VM Mutex/Monitor currently owned by a thread: None

Heap:
 PSYoungGen      total 371712K, used 100252K [0x00000000e0000000, 0x00000000fcc80000, 0x0000000100000000)
  eden space 292352K, 28% used [0x00000000e0000000,0x00000000e5024508,0x00000000f1d80000)
  from space 79360K, 22% used [0x00000000f7f00000,0x00000000f90c2b50,0x00000000fcc80000)
  to   space 89600K, 0% used [0x00000000f1d80000,0x00000000f1d80000,0x00000000f7500000)
 ParOldGen       total 183296K, used 151300K [0x00000000a0000000, 0x00000000ab300000, 0x00000000e0000000)
  object space 183296K, 82% used [0x00000000a0000000,0x00000000a93c1208,0x00000000ab300000)
 Metaspace       used 67142K, capacity 69182K, committed 69416K, reserved 1110016K
  class space    used 7530K, capacity 8131K, committed 8232K, reserved 1048576K

Card table byte_map: [0x00000000121b0000,0x00000000124c0000] byte_map_base: 0x0000000011cb0000

Marking Bits: (ParMarkBitMap*) 0x000000005b443950
 Begin Bits: [0x0000000012ac0000, 0x00000000142c0000)
 End Bits:   [0x00000000142c0000, 0x0000000015ac0000)

Polling page: 0x0000000001110000

CodeCache: size=245760Kb used=58339Kb max_used=58346Kb free=187420Kb
 bounds [0x0000000002df0000, 0x0000000006740000, 0x0000000011df0000]
 total_blobs=15639 nmethods=15111 adapters=436
 compilation: enabled

Compilation events (10 events):
Event: 1372.492 Thread 0x0000000016764000 19219       4       org.jetbrains.kotlin.protobuf.LazyStringArrayList::size (10 bytes)
Event: 1372.493 Thread 0x0000000016764000 nmethod 19219 0x00000000045695d0 code [0x0000000004569720, 0x00000000045697b8]
Event: 1372.498 Thread 0x0000000016767000 nmethod 19218 0x0000000006709590 code [0x0000000006709c00, 0x000000000670eca8]
Event: 1372.499 Thread 0x0000000016767000 19220       3       org.jetbrains.kotlin.context.MutableModuleContextImpl::getStorageManager (10 bytes)
Event: 1372.499 Thread 0x0000000016767000 nmethod 19220 0x000000000456afd0 code [0x000000000456b140, 0x000000000456b368]
Event: 1372.507 Thread 0x0000000016764000 19221       4       sun.reflect.generics.reflectiveObjects.ParameterizedTypeImpl::hashCode (24 bytes)
Event: 1372.511 Thread 0x0000000016764000 nmethod 19221 0x000000000456aa10 code [0x000000000456ab60, 0x000000000456ade8]
Event: 1372.516 Thread 0x0000000016767000 19222       3       org.jetbrains.kotlin.parsing.KotlinParsing::parseValueParameter (70 bytes)
Event: 1372.518 Thread 0x0000000016767000 nmethod 19222 0x0000000006712a10 code [0x0000000006712c40, 0x00000000067136b8]
Event: 1372.523 Thread 0x0000000016764000 19223       4       org.jetbrains.kotlin.parsing.KotlinExpressionParsing::parseBinaryExpression (70 bytes)

GC Heap History (10 events):
Event: 1253.780 GC heap before
{Heap before GC invocations=36 (full 4):
 PSYoungGen      total 372736K, used 342952K [0x00000000e0000000, 0x00000000fe680000, 0x0000000100000000)
  eden space 277504K, 100% used [0x00000000e0000000,0x00000000f0f00000,0x00000000f0f00000)
  from space 95232K, 68% used [0x00000000f0f00000,0x00000000f4eea2c8,0x00000000f6c00000)
  to   space 97792K, 0% used [0x00000000f8700000,0x00000000f8700000,0x00000000fe680000)
 ParOldGen       total 183296K, used 133423K [0x00000000a0000000, 0x00000000ab300000, 0x00000000e0000000)
  object space 183296K, 72% used [0x00000000a0000000,0x00000000a824bf10,0x00000000ab300000)
 Metaspace       used 65468K, capacity 67392K, committed 67624K, reserved 1110016K
  class space    used 7375K, capacity 7912K, committed 7976K, reserved 1048576K
Event: 1253.879 GC heap after
Heap after GC invocations=36 (full 4):
 PSYoungGen      total 382976K, used 47692K [0x00000000e0000000, 0x00000000fd980000, 0x0000000100000000)
  eden space 298496K, 0% used [0x00000000e0000000,0x00000000e0000000,0x00000000f2380000)
  from space 84480K, 56% used [0x00000000f8700000,0x00000000fb593330,0x00000000fd980000)
  to   space 93184K, 0% used [0x00000000f2380000,0x00000000f2380000,0x00000000f7e80000)
 ParOldGen       total 183296K, used 133431K [0x00000000a0000000, 0x00000000ab300000, 0x00000000e0000000)
  object space 183296K, 72% used [0x00000000a0000000,0x00000000a824df10,0x00000000ab300000)
 Metaspace       used 65468K, capacity 67392K, committed 67624K, reserved 1110016K
  class space    used 7375K, capacity 7912K, committed 7976K, reserved 1048576K
}
Event: 1256.186 GC heap before
{Heap before GC invocations=37 (full 4):
 PSYoungGen      total 382976K, used 346188K [0x00000000e0000000, 0x00000000fd980000, 0x0000000100000000)
  eden space 298496K, 100% used [0x00000000e0000000,0x00000000f2380000,0x00000000f2380000)
  from space 84480K, 56% used [0x00000000f8700000,0x00000000fb593330,0x00000000fd980000)
  to   space 93184K, 0% used [0x00000000f2380000,0x00000000f2380000,0x00000000f7e80000)
 ParOldGen       total 183296K, used 133431K [0x00000000a0000000, 0x00000000ab300000, 0x00000000e0000000)
  object space 183296K, 72% used [0x00000000a0000000,0x00000000a824df10,0x00000000ab300000)
 Metaspace       used 65749K, capacity 67684K, committed 67880K, reserved 1110016K
  class space    used 7397K, capacity 7944K, committed 7976K, reserved 1048576K
Event: 1256.214 GC heap after
Heap after GC invocations=37 (full 4):
 PSYoungGen      total 391680K, used 35520K [0x00000000e0000000, 0x00000000fea80000, 0x0000000100000000)
  eden space 298496K, 0% used [0x00000000e0000000,0x00000000e0000000,0x00000000f2380000)
  from space 93184K, 38% used [0x00000000f2380000,0x00000000f4630388,0x00000000f7e80000)
  to   space 90624K, 0% used [0x00000000f9200000,0x00000000f9200000,0x00000000fea80000)
 ParOldGen       total 183296K, used 133439K [0x00000000a0000000, 0x00000000ab300000, 0x00000000e0000000)
  object space 183296K, 72% used [0x00000000a0000000,0x00000000a824ff10,0x00000000ab300000)
 Metaspace       used 65749K, capacity 67684K, committed 67880K, reserved 1110016K
  class space    used 7397K, capacity 7944K, committed 7976K, reserved 1048576K
}
Event: 1283.071 GC heap before
{Heap before GC invocations=38 (full 4):
 PSYoungGen      total 391680K, used 334016K [0x00000000e0000000, 0x00000000fea80000, 0x0000000100000000)
  eden space 298496K, 100% used [0x00000000e0000000,0x00000000f2380000,0x00000000f2380000)
  from space 93184K, 38% used [0x00000000f2380000,0x00000000f4630388,0x00000000f7e80000)
  to   space 90624K, 0% used [0x00000000f9200000,0x00000000f9200000,0x00000000fea80000)
 ParOldGen       total 183296K, used 133439K [0x00000000a0000000, 0x00000000ab300000, 0x00000000e0000000)
  object space 183296K, 72% used [0x00000000a0000000,0x00000000a824ff10,0x00000000ab300000)
 Metaspace       used 66166K, capacity 68094K, committed 68264K, reserved 1110016K
  class space    used 7442K, capacity 7987K, committed 8104K, reserved 1048576K
Event: 1283.130 GC heap after
Heap after GC invocations=38 (full 4):
 PSYoungGen      total 403456K, used 64488K [0x00000000e0000000, 0x00000000fe900000, 0x0000000100000000)
  eden space 314368K, 0% used [0x00000000e0000000,0x00000000e0000000,0x00000000f3300000)
  from space 89088K, 72% used [0x00000000f9200000,0x00000000fd0fa110,0x00000000fe900000)
  to   space 93184K, 0% used [0x00000000f3300000,0x00000000f3300000,0x00000000f8e00000)
 ParOldGen       total 183296K, used 133447K [0x00000000a0000000, 0x00000000ab300000, 0x00000000e0000000)
  object space 183296K, 72% used [0x00000000a0000000,0x00000000a8251f10,0x00000000ab300000)
 Metaspace       used 66166K, capacity 68094K, committed 68264K, reserved 1110016K
  class space    used 7442K, capacity 7987K, committed 8104K, reserved 1048576K
}
Event: 1305.956 GC heap before
{Heap before GC invocations=39 (full 4):
 PSYoungGen      total 403456K, used 378856K [0x00000000e0000000, 0x00000000fe900000, 0x0000000100000000)
  eden space 314368K, 100% used [0x00000000e0000000,0x00000000f3300000,0x00000000f3300000)
  from space 89088K, 72% used [0x00000000f9200000,0x00000000fd0fa110,0x00000000fe900000)
  to   space 93184K, 0% used [0x00000000f3300000,0x00000000f3300000,0x00000000f8e00000)
 ParOldGen       total 183296K, used 133447K [0x00000000a0000000, 0x00000000ab300000, 0x00000000e0000000)
  object space 183296K, 72% used [0x00000000a0000000,0x00000000a8251f10,0x00000000ab300000)
 Metaspace       used 66640K, capacity 68638K, committed 68776K, reserved 1110016K
  class space    used 7483K, capacity 8059K, committed 8104K, reserved 1048576K
Event: 1306.009 GC heap after
Heap after GC invocations=39 (full 4):
 PSYoungGen      total 351744K, used 48578K [0x00000000e0000000, 0x00000000fd600000, 0x0000000100000000)
  eden space 303104K, 0% used [0x00000000e0000000,0x00000000e0000000,0x00000000f2800000)
  from space 48640K, 99% used [0x00000000f3300000,0x00000000f6270bc0,0x00000000f6280000)
  to   space 89088K, 0% used [0x00000000f7f00000,0x00000000f7f00000,0x00000000fd600000)
 ParOldGen       total 183296K, used 133455K [0x00000000a0000000, 0x00000000ab300000, 0x00000000e0000000)
  object space 183296K, 72% used [0x00000000a0000000,0x00000000a8253f10,0x00000000ab300000)
 Metaspace       used 66640K, capacity 68638K, committed 68776K, reserved 1110016K
  class space    used 7483K, capacity 8059K, committed 8104K, reserved 1048576K
}
Event: 1309.014 GC heap before
{Heap before GC invocations=40 (full 4):
 PSYoungGen      total 351744K, used 351682K [0x00000000e0000000, 0x00000000fd600000, 0x0000000100000000)
  eden space 303104K, 100% used [0x00000000e0000000,0x00000000f2800000,0x00000000f2800000)
  from space 48640K, 99% used [0x00000000f3300000,0x00000000f6270bc0,0x00000000f6280000)
  to   space 89088K, 0% used [0x00000000f7f00000,0x00000000f7f00000,0x00000000fd600000)
 ParOldGen       total 183296K, used 133455K [0x00000000a0000000, 0x00000000ab300000, 0x00000000e0000000)
  object space 183296K, 72% used [0x00000000a0000000,0x00000000a8253f10,0x00000000ab300000)
 Metaspace       used 66890K, capacity 68866K, committed 69032K, reserved 1110016K
  class space    used 7504K, capacity 8091K, committed 8104K, reserved 1048576K
Event: 1309.043 GC heap after
Heap after GC invocations=40 (full 4):
 PSYoungGen      total 371712K, used 18186K [0x00000000e0000000, 0x00000000fcc80000, 0x0000000100000000)
  eden space 292352K, 0% used [0x00000000e0000000,0x00000000e0000000,0x00000000f1d80000)
  from space 79360K, 22% used [0x00000000f7f00000,0x00000000f90c2b50,0x00000000fcc80000)
  to   space 89600K, 0% used [0x00000000f1d80000,0x00000000f1d80000,0x00000000f7500000)
 ParOldGen       total 183296K, used 151300K [0x00000000a0000000, 0x00000000ab300000, 0x00000000e0000000)
  object space 183296K, 82% used [0x00000000a0000000,0x00000000a93c1208,0x00000000ab300000)
 Metaspace       used 66890K, capacity 68866K, committed 69032K, reserved 1110016K
  class space    used 7504K, capacity 8091K, committed 8104K, reserved 1048576K
}

Deoptimization events (10 events):
Event: 1308.386 Thread 0x0000000018bf0000 Uncommon trap: reason=class_check action=maybe_recompile pc=0x00000000045982bc method=org.jetbrains.kotlin.resolve.checkers.MissingDependencyClassChecker.collectDiagnostics(Lorg/jetbrains/kotlin/com/intellij/psi/PsiElement;Lorg/jetbrains/kotlin/descriptor
Event: 1308.386 Thread 0x0000000018bf0000 Uncommon trap: reason=class_check action=maybe_recompile pc=0x0000000003eedf0c method=org.jetbrains.kotlin.resolve.calls.checkers.BuilderFunctionsCallChecker.check(Lorg/jetbrains/kotlin/resolve/calls/model/ResolvedCall;Lorg/jetbrains/kotlin/com/intellij/p
Event: 1308.386 Thread 0x0000000018bf0000 Uncommon trap: reason=class_check action=maybe_recompile pc=0x00000000045982bc method=org.jetbrains.kotlin.resolve.checkers.MissingDependencyClassChecker.collectDiagnostics(Lorg/jetbrains/kotlin/com/intellij/psi/PsiElement;Lorg/jetbrains/kotlin/descriptor
Event: 1308.387 Thread 0x0000000018bf0000 Uncommon trap: reason=class_check action=maybe_recompile pc=0x00000000045982bc method=org.jetbrains.kotlin.resolve.checkers.MissingDependencyClassChecker.collectDiagnostics(Lorg/jetbrains/kotlin/com/intellij/psi/PsiElement;Lorg/jetbrains/kotlin/descriptor
Event: 1308.388 Thread 0x0000000018bf0000 Uncommon trap: reason=class_check action=maybe_recompile pc=0x00000000045982bc method=org.jetbrains.kotlin.resolve.checkers.MissingDependencyClassChecker.collectDiagnostics(Lorg/jetbrains/kotlin/com/intellij/psi/PsiElement;Lorg/jetbrains/kotlin/descriptor
Event: 1308.392 Thread 0x0000000018bf0000 Uncommon trap: reason=class_check action=maybe_recompile pc=0x0000000003eedf0c method=org.jetbrains.kotlin.resolve.calls.checkers.BuilderFunctionsCallChecker.check(Lorg/jetbrains/kotlin/resolve/calls/model/ResolvedCall;Lorg/jetbrains/kotlin/com/intellij/p
Event: 1308.395 Thread 0x0000000018bf0000 Uncommon trap: reason=class_check action=maybe_recompile pc=0x0000000003eedf0c method=org.jetbrains.kotlin.resolve.calls.checkers.BuilderFunctionsCallChecker.check(Lorg/jetbrains/kotlin/resolve/calls/model/ResolvedCall;Lorg/jetbrains/kotlin/com/intellij/p
Event: 1308.395 Thread 0x0000000018bf0000 Uncommon trap: reason=class_check action=maybe_recompile pc=0x0000000003eedf0c method=org.jetbrains.kotlin.resolve.calls.checkers.BuilderFunctionsCallChecker.check(Lorg/jetbrains/kotlin/resolve/calls/model/ResolvedCall;Lorg/jetbrains/kotlin/com/intellij/p
Event: 1308.661 Thread 0x0000000018bf0000 Uncommon trap: reason=predicate action=maybe_recompile pc=0x00000000065cfc94 method=org.jetbrains.kotlin.codegen.state.KotlinTypeMapper.findSuperDeclaration(Lorg/jetbrains/kotlin/descriptors/FunctionDescriptor;Z)Lorg/jetbrains/kotlin/descriptors/FunctionD
Event: 1308.668 Thread 0x0000000018bf0000 Uncommon trap: reason=null_check action=make_not_entrant pc=0x000000000657fd84 method=org.jetbrains.kotlin.codegen.ExpressionCodegen.applyIntrinsic(Lorg/jetbrains/kotlin/descriptors/DeclarationDescriptor;Ljava/lang/Class;Lorg/jetbrains/kotlin/resolve/call

Classes redefined (0 events):
No events

Internal exceptions (10 events):
Event: 1189.782 Thread 0x0000000018bf6000 Exception <a 'java/lang/InterruptedException'> (0x00000000e29b1460) thrown at [D:\src\AOSP-openjdk-cygwin\jdk8u\hotspot\src\share\vm\runtime\objectMonitor.cpp, line 1684]
Event: 1189.805 Thread 0x000000001dcde000 Exception <a 'sun/nio/fs/WindowsException'> (0x00000000e2acdb60) thrown at [D:\src\AOSP-openjdk-cygwin\jdk8u\hotspot\src\share\vm\prims\jni.cpp, line 709]
Event: 1253.117 Thread 0x0000000018bf0000 Exception <a 'java/lang/InterruptedException'> (0x00000000ec2b8990) thrown at [D:\src\AOSP-openjdk-cygwin\jdk8u\hotspot\src\share\vm\runtime\objectMonitor.cpp, line 1684]
Event: 1253.141 Thread 0x000000001da15000 Exception <a 'sun/nio/fs/WindowsException'> (0x00000000ec5919e8) thrown at [D:\src\AOSP-openjdk-cygwin\jdk8u\hotspot\src\share\vm\prims\jni.cpp, line 709]
Event: 1280.046 Thread 0x0000000018bf6000 Exception <a 'java/lang/InterruptedException'> (0x00000000e39425e0) thrown at [D:\src\AOSP-openjdk-cygwin\jdk8u\hotspot\src\share\vm\runtime\objectMonitor.cpp, line 1684]
Event: 1280.706 Thread 0x0000000018bf5800 Exception <a 'sun/nio/fs/WindowsException'> (0x00000000e6260910) thrown at [D:\src\AOSP-openjdk-cygwin\jdk8u\hotspot\src\share\vm\prims\jni.cpp, line 709]
Event: 1305.513 Thread 0x0000000018bf1000 Exception <a 'java/lang/InterruptedException'> (0x00000000ee528558) thrown at [D:\src\AOSP-openjdk-cygwin\jdk8u\hotspot\src\share\vm\runtime\objectMonitor.cpp, line 1684]
Event: 1305.536 Thread 0x0000000018bf0000 Exception <a 'sun/nio/fs/WindowsException'> (0x00000000ee7c71f8) thrown at [D:\src\AOSP-openjdk-cygwin\jdk8u\hotspot\src\share\vm\prims\jni.cpp, line 709]
Event: 1308.668 Thread 0x0000000018bf0000 Implicit null exception at 0x000000000657eaf2 to 0x000000000657fd69
Event: 1372.173 Thread 0x000000001da15000 Exception <a 'sun/nio/fs/WindowsException'> (0x00000000e31983e8) thrown at [D:\src\AOSP-openjdk-cygwin\jdk8u\hotspot\src\share\vm\prims\jni.cpp, line 709]

Events (10 events):
Event: 1372.550 loading class org/jetbrains/kotlin/android/synthetic/res/AndroidLayoutXmlFileManager$$special$$inlined$sortedBy$1
Event: 1372.550 loading class org/jetbrains/kotlin/android/synthetic/res/AndroidLayoutXmlFileManager$$special$$inlined$sortedBy$1 done
Event: 1372.551 loading class org/jetbrains/kotlin/com/intellij/psi/PsiDirectory
Event: 1372.551 loading class org/jetbrains/kotlin/com/intellij/psi/PsiDirectory done
Event: 1372.551 loading class kotlin/comparisons/ComparisonsKt
Event: 1372.551 loading class kotlin/comparisons/ComparisonsKt done
Event: 1372.551 loading class org/jetbrains/kotlin/android/synthetic/res/AndroidVariantData
Event: 1372.551 loading class org/jetbrains/kotlin/android/synthetic/res/AndroidVariantData done
Event: 1372.554 loading class org/jetbrains/kotlin/android/synthetic/descriptors/LazySyntheticElementResolveContext
Event: 1372.554 loading class org/jetbrains/kotlin/android/synthetic/descriptors/LazySyntheticElementResolveContext done


Dynamic libraries:
0x000007f630c60000 - 0x000007f630c91000 	C:\Program Files\Android\Android Studio\jre\jre\bin\java.exe
0x000007f881230000 - 0x000007f8813ed000 	C:\Windows\SYSTEM32\ntdll.dll
0x000007f87ef80000 - 0x000007f87f0b7000 	C:\Windows\system32\KERNEL32.DLL
0x000007f87e210000 - 0x000007f87e304000 	C:\Windows\system32\KERNELBASE.dll
0x000007f87e680000 - 0x000007f87e75e000 	C:\Windows\system32\ADVAPI32.dll
0x000007f87e910000 - 0x000007f87ea5c000 	C:\Windows\system32\USER32.dll
0x000007f87b0c0000 - 0x000007f87b32a000 	C:\Windows\WinSxS\amd64_microsoft.windows.common-controls_6595b64144ccf1df_6.0.9200.17359_none_4188b989718cf1c6\COMCTL32.dll
0x000007f8810a0000 - 0x000007f881145000 	C:\Windows\system32\msvcrt.dll
0x000007f87ecb0000 - 0x000007f87ecf8000 	C:\Windows\SYSTEM32\sechost.dll
0x000007f880990000 - 0x000007f880ad5000 	C:\Windows\system32\RPCRT4.dll
0x000007f880ae0000 - 0x000007f880c21000 	C:\Windows\system32\GDI32.dll
0x000007f87ef40000 - 0x000007f87ef79000 	C:\Windows\system32\IMM32.DLL
0x000007f87ee20000 - 0x000007f87ef36000 	C:\Windows\system32\MSCTF.dll
0x000000005aac0000 - 0x000000005ab92000 	C:\Program Files\Android\Android Studio\jre\jre\bin\msvcr100.dll
0x000000005ac80000 - 0x000000005b4be000 	C:\Program Files\Android\Android Studio\jre\jre\bin\server\jvm.dll
0x000007f87b450000 - 0x000007f87b459000 	C:\Windows\SYSTEM32\WSOCK32.dll
0x000007f879d50000 - 0x000007f879d70000 	C:\Windows\SYSTEM32\WINMM.dll
0x000007f8781b0000 - 0x000007f8781b9000 	C:\Windows\SYSTEM32\VERSION.dll
0x000007f881150000 - 0x000007f881157000 	C:\Windows\system32\PSAPI.DLL
0x000007f87ed10000 - 0x000007f87ed68000 	C:\Windows\system32\WS2_32.dll
0x000007f879d10000 - 0x000007f879d43000 	C:\Windows\SYSTEM32\WINMMBASE.dll
0x000007f87ed00000 - 0x000007f87ed09000 	C:\Windows\system32\NSI.dll
0x000007f87e3c0000 - 0x000007f87e40f000 	C:\Windows\SYSTEM32\cfgmgr32.dll
0x000007f87e650000 - 0x000007f87e672000 	C:\Windows\system32\DEVOBJ.dll
0x000007f87b3e0000 - 0x000007f87b3ef000 	C:\Program Files\Android\Android Studio\jre\jre\bin\verify.dll
0x000007f87b3b0000 - 0x000007f87b3d9000 	C:\Program Files\Android\Android Studio\jre\jre\bin\java.dll
0x000007f87b0a0000 - 0x000007f87b0b6000 	C:\Program Files\Android\Android Studio\jre\jre\bin\zip.dll
0x000007f87f0c0000 - 0x000007f8803a5000 	C:\Windows\system32\SHELL32.dll
0x000007f87e760000 - 0x000007f87e910000 	C:\Windows\SYSTEM32\combase.dll
0x000007f8803c0000 - 0x000007f880410000 	C:\Windows\system32\SHLWAPI.dll
0x000007f87da30000 - 0x000007f87dac6000 	C:\Windows\SYSTEM32\SHCORE.dll
0x000007f87e140000 - 0x000007f87e155000 	C:\Windows\SYSTEM32\profapi.dll
0x000007f8753f0000 - 0x000007f8753fd000 	C:\Program Files\Android\Android Studio\jre\jre\bin\management.dll
0x000007f8751b0000 - 0x000007f8751ca000 	C:\Program Files\Android\Android Studio\jre\jre\bin\net.dll
0x000007f87d580000 - 0x000007f87d5dc000 	C:\Windows\system32\mswsock.dll
0x000007f875190000 - 0x000007f8751a1000 	C:\Program Files\Android\Android Studio\jre\jre\bin\nio.dll
0x000007f87d5e0000 - 0x000007f87d5fa000 	C:\Windows\SYSTEM32\CRYPTSP.dll
0x000007f87d260000 - 0x000007f87d2ab000 	C:\Windows\system32\rsaenh.dll
0x000007f87d360000 - 0x000007f87d37f000 	C:\Windows\SYSTEM32\USERENV.dll
0x000007f87df80000 - 0x000007f87df8a000 	C:\Windows\SYSTEM32\CRYPTBASE.dll
0x000007f87df20000 - 0x000007f87df7d000 	C:\Windows\SYSTEM32\bcryptPrimitives.dll
0x000007f879ac0000 - 0x000007f879aea000 	C:\Windows\SYSTEM32\IPHLPAPI.DLL
0x000007f879a90000 - 0x000007f879a9a000 	C:\Windows\SYSTEM32\WINNSI.DLL
0x000007f8798a0000 - 0x000007f8798b3000 	C:\Windows\SYSTEM32\dhcpcsvc6.DLL
0x000007f879880000 - 0x000007f879898000 	C:\Windows\SYSTEM32\dhcpcsvc.DLL
0x000007f874770000 - 0x000007f8748d3000 	C:\Windows\SYSTEM32\dbghelp.dll

VM Arguments:
jvm_args: -Djava.awt.headless=true -Djava.rmi.server.hostname=localhost -Xmx1536m -Dkotlin.environment.keepalive 
java_command: org.jetbrains.kotlin.daemon.KotlinCompileDaemon --daemon-runFilesPath C:\Users\Paras-Android\AppData\Local\kotlin\daemon --daemon-autoshutdownIdleSeconds=7200 --daemon-compilerClasspath C:\Users\Paras-Android\.gradle\caches\jars-3\f58e399bf7514751475f325920291a60\kotlin-compiler-embeddable-1.1.51.jar;C:\Program Files\Android\Android Studio\jre\lib\tools.jar
java_class_path (initial): C:\Users\Paras-Android\.gradle\caches\jars-3\f58e399bf7514751475f325920291a60\kotlin-compiler-embeddable-1.1.51.jar;C:\Program Files\Android\Android Studio\jre\lib\tools.jar
Launcher Type: SUN_STANDARD

Environment Variables:
JAVA_HOME=C:\Program Files\Java\jdk1.8.0_131
PATH=C:\ProgramData\Oracle\Java\javapath;C:\Windows\system32;C:\Windows;C:\Windows\System32\Wbem;C:\Windows\System32\WindowsPowerShell\v1.0\;C:\Program Files\nodejs\;C:\Program Files\Git\cmd;C:\Program Files (x86)\Skype\Phone\;C:\Program Files (x86)\Windows Kits\8.1\Windows Performance Toolkit\;C:\Program Files\PuTTY\;C:\Program Files (x86)\Microsoft VS Code\bin;C:\Users\Paras-Android\AppData\Roaming\npm;D:\AndroidSdk\platform-tools;C:\Program Files\Git\bin;C:\Users\Paras-Android\AppData\Local\GitHubDesktop\bin;C:\Program Files\Java\jdk1.8.0_131\bin
USERNAME=Paras-Android
OS=Windows_NT
PROCESSOR_IDENTIFIER=Intel64 Family 6 Model 42 Stepping 7, GenuineIntel



---------------  S Y S T E M  ---------------

OS: Windows 8 , 64 bit Build 9200 (6.2.9200.16859)

CPU:total 4 (initial active 4) (2 cores per cpu, 2 threads per core) family 6 model 42 stepping 7, cmov, cx8, fxsr, mmx, sse, sse2, sse3, ssse3, sse4.1, sse4.2, popcnt, avx, clmul, ht, tsc, tscinvbit

Memory: 4k page, physical 8279732k(1053964k free), swap 16668348k(8239216k free)

vm_info: OpenJDK 64-Bit Server VM (25.152-b01) for windows-amd64 JRE (1.8.0_152-release-915-b01), built by "builder" with MS VC++ 10.0 (VS2010)

time: Fri Feb 02 15:31:22 2018
elapsed time: 1372 seconds (0d 0h 22m 52s)

